app/build/outputs/mapping/release/seeds.txt
uz.gita.eventsapp.presentation.ui.screen.EventsScreen
uz.gita.eventsapp.presentation.ui.screen.EventsScreen_GeneratedInjector
uz.gita.eventsapp.app.App
uz.gita.eventsapp.data.local.database.EventDatabase
uz.gita.eventsapp.data.local.database.EventDatabase_Impl
uz.gita.eventsapp.app.App_GeneratedInjector
uz.gita.eventsapp.presentation.viewmodel.impl.SplashViewModelImpl
uz.gita.eventsapp.presentation.ui.screen.SplashScreen
uz.gita.eventsapp.presentation.service.TestService
uz.gita.eventsapp.presentation.viewmodel.impl.EventsViewModelImpl
uz.gita.eventsapp.MainActivity
uz.gita.eventsapp.presentation.broadcast.EventsReceiver
uz.gita.eventsapp.presentation.ui.screen.TestScreen
uz.gita.eventsapp.MainActivity_GeneratedInjector
uz.gita.eventsapp.presentation.broadcast.TestReceiver
uz.gita.eventsapp.presentation.service.EventsService
uz.gita.eventsapp.presentation.ui.dialog.EventDialog
uz.gita.eventsapp.presentation.broadcast.EventsReceiver_GeneratedInjector
uz.gita.eventsapp.presentation.ui.screen.SplashScreen_GeneratedInjector
uz.gita.eventsapp.MainActivity: MainActivity()
uz.gita.eventsapp.data.local.database.EventDatabase: EventDatabase()
uz.gita.eventsapp.presentation.ui.screen.SplashScreen: SplashScreen()
uz.gita.eventsapp.presentation.ui.screen.Hilt_SplashScreen: Hilt_SplashScreen()
uz.gita.eventsapp.presentation.ui.screen.Hilt_EventsScreen: Hilt_EventsScreen(int)
uz.gita.eventsapp.presentation.ui.screen.Hilt_EventsScreen: Hilt_EventsScreen()
uz.gita.eventsapp.presentation.ui.screen.EventsScreen: EventsScreen()
uz.gita.eventsapp.presentation.broadcast.Hilt_EventsReceiver: Hilt_EventsReceiver()
uz.gita.eventsapp.presentation.service.TestService: TestService()
uz.gita.eventsapp.app.App: App()
uz.gita.eventsapp.app.Hilt_App: Hilt_App()
uz.gita.eventsapp.presentation.broadcast.TestReceiver: TestReceiver()
uz.gita.eventsapp.presentation.broadcast.EventsReceiver: EventsReceiver()
uz.gita.eventsapp.presentation.service.EventsService: EventsService()
uz.gita.eventsapp.presentation.ui.screen.TestScreen: TestScreen()
uz.gita.eventsapp.presentation.ui.dialog.EventDialog: EventDialog()
uz.gita.eventsapp.data.local.database.EventDatabase_Impl: EventDatabase_Impl()
uz.gita.eventsapp.presentation.viewmodel.impl.SplashViewModelImpl: SplashViewModelImpl()
uz.gita.eventsapp.presentation.ui.screen.Hilt_SplashScreen: Hilt_SplashScreen(int)
uz.gita.eventsapp.Hilt_MainActivity: Hilt_MainActivity()
...
androidx.core.view.WindowInsetsCompat$Impl: void setStableInsets(androidx.core.graphics.Insets)
com.google.android.material.textfield.TextInputLayout: void setErrorIconDrawable(int)
com.google.android.material.textfield.TextInputLayout: void setErrorEnabled(boolean)
androidx.appcompat.widget.SearchView: void setQueryRefinementEnabled(boolean)
androidx.vectordrawable.graphics.drawable.VectorDrawableCompat$VGroup: android.graphics.Matrix getLocalMatrix()
androidx.appcompat.widget.ActionBarOverlayLayout: ActionBarOverlayLayout(android.content.Context,android.util.AttributeSet)
com.google.android.material.button.MaterialButton: void setInternalBackground(android.graphics.drawable.Drawable)
com.google.android.material.appbar.AppBarLayout: int getDownNestedPreScrollRange()
androidx.appcompat.widget.Toolbar: void setSubtitleTextColor(int)
androidx.appcompat.widget.AppCompatSpinner: void setBackgroundDrawable(android.graphics.drawable.Drawable)
com.google.android.material.floatingactionbutton.FloatingActionButton: void setSupportBackgroundTintMode(android.graphics.PorterDuff$Mode)
com.google.android.material.snackbar.BaseTransientBottomBar$SnackbarBaseLayout: int getMaxInlineActionWidth()
androidx.core.view.ViewCompat$Api21Impl: void setTransitionName(android.view.View,java.lang.String)
androidx.appcompat.widget.AppCompatCheckBox: void setAllCaps(boolean)
androidx.core.view.WindowInsetsCompat$Impl21: androidx.core.view.WindowInsetsCompat consumeSystemWindowInsets()
androidx.cardview.widget.CardView: void setCardBackgroundColor(int)
com.google.android.material.button.MaterialButton: void setIconTint(android.content.res.ColorStateList)
androidx.appcompat.widget.AppCompatAutoCompleteTextView: android.view.ActionMode$Callback getCustomSelectionActionModeCallback()
androidx.appcompat.widget.AppCompatSpinner: android.graphics.drawable.Drawable getPopupBackground()
androidx.appcompat.widget.ActionBarContextView: void setSubtitle(java.lang.CharSequence)
com.google.android.material.snackbar.Snackbar$SnackbarLayout: void setBackground(android.graphics.drawable.Drawable)
androidx.fragment.app.strictmode.FragmentStrictMode$Flag: androidx.fragment.app.strictmode.FragmentStrictMode$Flag valueOf(java.lang.String)
androidx.core.view.ViewCompat$Api29Impl: java.util.List getSystemGestureExclusionRects(android.view.View)
com.google.android.material.bottomappbar.BottomAppBar: void setCradleVerticalOffset(float)
androidx.core.view.ViewCompat$Api21Impl: void setZ(android.view.View,float)
androidx.appcompat.widget.AppCompatTextView: android.graphics.PorterDuff$Mode getSupportCompoundDrawablesTintMode()
com.google.android.material.card.MaterialCardView: int getContentPaddingTop()
androidx.constraintlayout.core.widgets.ConstraintAnchor$Type: androidx.constraintlayout.core.widgets.ConstraintAnchor$Type[] values()
androidx.appcompat.app.AppCompatActivity: void setContentView(android.view.View)
androidx.appcompat.widget.AppCompatButton: int getAutoSizeTextType()
androidx.appcompat.widget.ActionBarContextView: void setContentHeight(int)
androidx.core.view.ViewCompat$Api16Impl: void setHasTransientState(android.view.View,boolean)
androidx.appcompat.widget.AppCompatSpinner: void setPrompt(java.lang.CharSequence)
androidx.vectordrawable.graphics.drawable.VectorDrawableCompat$VPath: void setPathData(androidx.core.graphics.PathParser$PathDataNode[])
androidx.core.view.WindowInsetsCompat$Impl29: WindowInsetsCompat$Impl29(androidx.core.view.WindowInsetsCompat,android.view.WindowInsets)
com.google.android.material.floatingactionbutton.FloatingActionButton: android.content.res.ColorStateList getRippleColorStateList()
com.google.android.material.textfield.TextInputLayout: int getCounterMaxLength()
androidx.core.view.ViewCompat$Api31Impl: java.lang.String[] getReceiveContentMimeTypes(android.view.View)
androidx.core.view.WindowInsetsCompat$Impl29: androidx.core.graphics.Insets getTappableElementInsets()