app/build/outputs/mapping/release/mapping.txt
# compiler: R8
# compiler_version: 3.2.60
# min_api: 24
# common_typos_disable
# {"id":"com.android.tools.r8.mapping","version":"2.0"}
# pg_map_id: 740a714
# pg_map_hash: SHA-256 740a714e57b32216201f6b99070825b4c3fe227d2284e51363fdf9598b03b18a
uz.gita.eventsapp.Hilt_MainActivity -> v3.b:
    java.lang.Object componentManagerLock -> v
    dagger.hilt.android.internal.managers.ActivityComponentManager componentManager -> u
    boolean injected -> w
    1:1:void uz.gita.eventsapp.Hilt_MainActivity._initHiltInternal():0:0 -> <init>
    1:1:void <init>():0 -> <init>
    2:2:void uz.gita.eventsapp.Hilt_MainActivity._initHiltInternal():0:0 -> <init>
    2:2:void <init>(int):0 -> <init>
    1:1:dagger.hilt.android.internal.managers.ActivityComponentManager uz.gita.eventsapp.Hilt_MainActivity.componentManager():0:0 -> d
    1:1:java.lang.Object generatedComponent():0 -> d
    2:2:dagger.hilt.android.internal.managers.ActivityComponentManager uz.gita.eventsapp.Hilt_MainActivity.createComponentManager():0:0 -> d
    2:2:dagger.hilt.android.internal.managers.ActivityComponentManager uz.gita.eventsapp.Hilt_MainActivity.componentManager():0 -> d
    2:2:java.lang.Object generatedComponent():0 -> d
    3:3:dagger.hilt.android.internal.managers.ActivityComponentManager uz.gita.eventsapp.Hilt_MainActivity.componentManager():0:0 -> d
    3:3:java.lang.Object generatedComponent():0 -> d
    4:4:java.lang.Object generatedComponent():0:0 -> d
    1:1:androidx.lifecycle.ViewModelProvider$Factory dagger.hilt.android.internal.lifecycle.DefaultViewModelFactories.getActivityFactory(androidx.activity.ComponentActivity,androidx.lifecycle.ViewModelProvider$Factory):0:0 -> k
uz.gita.eventsapp.Hilt_MainActivity$1 -> v3.a:
    uz.gita.eventsapp.Hilt_MainActivity this$0 -> a
    0:65535:void uz.gita.eventsapp.Hilt_MainActivity.inject():0:0 -> a
    0:65535:void onContextAvailable(android.content.Context):0 -> a
      # {"id":"com.android.tools.r8.rewriteFrame","conditions":["throws(Ljava/lang/NullPointerException;)"],"actions":["removeInnerFrames(1)"]}
uz.gita.eventsapp.MainActivity_GeneratedInjector -> v3.c:
    void injectMainActivity(uz.gita.eventsapp.MainActivity) -> b
uz.gita.eventsapp.app.App_GeneratedInjector -> w3.a:
    void injectApp(uz.gita.eventsapp.app.App) -> b
uz.gita.eventsapp.app.App_HiltComponents$ActivityC -> w3.b:
uz.gita.eventsapp.app.App_HiltComponents$ActivityRetainedC -> w3.c:
uz.gita.eventsapp.app.App_HiltComponents$FragmentC -> w3.d:
uz.gita.eventsapp.app.App_HiltComponents$SingletonC -> w3.e:
uz.gita.eventsapp.app.App_HiltComponents$ViewModelC -> w3.f:
uz.gita.eventsapp.app.DaggerApp_HiltComponents_SingletonC -> w3.g:
    javax.inject.Provider provideEventDatabaseProvider -> d
    uz.gita.eventsapp.app.DaggerApp_HiltComponents_SingletonC singletonC -> c
    javax.inject.Provider appRepositoryImplProvider -> f
    javax.inject.Provider provideEventDaoProvider -> e
    uz.gita.eventsapp.di.EventDatabaseModule eventDatabaseModule -> a
    dagger.hilt.android.internal.modules.ApplicationContextModule applicationContextModule -> b
    javax.inject.Provider eventsUseCaseImplProvider -> h
    javax.inject.Provider bindAppRepositoryProvider -> g
    javax.inject.Provider bindEventsUseCaseProvider -> i
    1:1:void uz.gita.eventsapp.app.DaggerApp_HiltComponents_SingletonC.<init>(dagger.hilt.android.internal.modules.ApplicationContextModule,uz.gita.eventsapp.di.EventDatabaseModule):0:0 -> <init>
    1:1:void <init>(dagger.hilt.android.internal.modules.ApplicationContextModule,uz.gita.eventsapp.di.EventDatabaseModule,uz.gita.eventsapp.app.DaggerApp_HiltComponents_SingletonC$1):0 -> <init>
    2:2:void uz.gita.eventsapp.app.DaggerApp_HiltComponents_SingletonC.initialize(dagger.hilt.android.internal.modules.ApplicationContextModule,uz.gita.eventsapp.di.EventDatabaseModule):0:0 -> <init>
    2:2:void uz.gita.eventsapp.app.DaggerApp_HiltComponents_SingletonC.<init>(dagger.hilt.android.internal.modules.ApplicationContextModule,uz.gita.eventsapp.di.EventDatabaseModule):0 -> <init>
...
androidx.appcompat.app.AppCompatDelegateImpl$AutoNightModeManager$1 -> d.f$h$a:
    androidx.appcompat.app.AppCompatDelegateImpl$AutoNightModeManager this$1 -> a
androidx.appcompat.app.AppCompatDelegateImpl$AutoTimeNightModeManager -> d.f$i:
    androidx.appcompat.app.TwilightManager mTwilightManager -> c
    androidx.appcompat.app.AppCompatDelegateImpl this$0 -> d
    android.content.IntentFilter createIntentFilterForBroadcastReceiver() -> b
    1:1:boolean androidx.appcompat.app.TwilightManager.isNight():0:0 -> c
    1:1:int getApplyableNightMode():0 -> c
      # {"id":"com.android.tools.r8.rewriteFrame","conditions":["throws(Ljava/lang/NullPointerException;)"],"actions":["removeInnerFrames(1)"]}
    2:2:boolean androidx.appcompat.app.TwilightManager.isStateValid():0:0 -> c
    2:2:boolean androidx.appcompat.app.TwilightManager.isNight():0 -> c
    2:2:int getApplyableNightMode():0 -> c
      # {"id":"com.android.tools.r8.rewriteFrame","conditions":["throws(Ljava/lang/NullPointerException;)"],"actions":["removeInnerFrames(2)"]}
    3:3:boolean androidx.appcompat.app.TwilightManager.isNight():0:0 -> c
    3:3:int getApplyableNightMode():0 -> c
      # {"id":"com.android.tools.r8.rewriteFrame","conditions":["throws(Ljava/lang/NullPointerException;)"],"actions":["removeInnerFrames(1)"]}
    4:4:android.location.Location androidx.appcompat.app.TwilightManager.getLastKnownLocation():0:0 -> c
    4:4:boolean androidx.appcompat.app.TwilightManager.isNight():0 -> c
    4:4:int getApplyableNightMode():0 -> c
androidx.appcompat.app.AppCompatDelegateImpl$ListMenuDecorView -> d.f$j:
    androidx.appcompat.app.AppCompatDelegateImpl this$0 -> n
    0:65535:void androidx.appcompat.widget.ContentFrameLayout.<init>(android.content.Context):0:0 -> <init>
    0:65535:void <init>(androidx.appcompat.app.AppCompatDelegateImpl,android.content.Context):0 -> <init>
    1:1:boolean androidx.appcompat.app.AppCompatDelegateImpl$ListMenuDecorView.isOutOfBounds(int,int):0:0 -> onInterceptTouchEvent
    1:1:boolean onInterceptTouchEvent(android.view.MotionEvent):0 -> onInterceptTouchEvent
    2:2:boolean onInterceptTouchEvent(android.view.MotionEvent):0:0 -> onInterceptTouchEvent
    3:3:void androidx.appcompat.app.AppCompatDelegateImpl.closePanel(int):0:0 -> onInterceptTouchEvent
    3:3:boolean onInterceptTouchEvent(android.view.MotionEvent):0 -> onInterceptTouchEvent
      # {"id":"com.android.tools.r8.rewriteFrame","conditions":["throws(Ljava/lang/NullPointerException;)"],"actions":["removeInnerFrames(1)"]}
    4:4:boolean onInterceptTouchEvent(android.view.MotionEvent):0:0 -> onInterceptTouchEvent
androidx.appcompat.app.AppCompatDelegateImpl$PanelFeatureState -> d.f$k:
    boolean isOpen -> m
    boolean refreshDecorView -> n
    boolean refreshMenuContent -> o
    androidx.appcompat.view.menu.ListMenuPresenter listMenuPresenter -> i
    boolean isPrepared -> k
    boolean isHandled -> l
    int windowAnimations -> d
    android.content.Context listPresenterContext -> j
    int background -> b
    int gravity -> c
    int featureId -> a
    android.os.Bundle frozenActionViewState -> p
    android.view.ViewGroup decorView -> e
    android.view.View createdPanelView -> g
    android.view.View shownPanelView -> f
    androidx.appcompat.view.menu.MenuBuilder menu -> h
    void setMenu(androidx.appcompat.view.menu.MenuBuilder) -> a
androidx.appcompat.app.AppCompatDelegateImpl$PanelMenuPresenterCallback -> d.f$l:
    androidx.appcompat.app.AppCompatDelegateImpl this$0 -> f
    void onCloseMenu(androidx.appcompat.view.menu.MenuBuilder,boolean) -> a
    boolean onOpenSubMenu(androidx.appcompat.view.menu.MenuBuilder) -> b