app/build/outputs/mapping/release/usage.txt
uz.gita.eventsapp.BuildConfig
uz.gita.eventsapp.Hilt_MainActivity:
    public synthetic bridge dagger.hilt.internal.GeneratedComponentManager componentManager()
uz.gita.eventsapp.R$anim
uz.gita.eventsapp.R$color
uz.gita.eventsapp.R$drawable
uz.gita.eventsapp.R$id
uz.gita.eventsapp.R$layout
uz.gita.eventsapp.R$menu
uz.gita.eventsapp.R$mipmap
uz.gita.eventsapp.R$navigation
uz.gita.eventsapp.R$raw
uz.gita.eventsapp.R$string
uz.gita.eventsapp.R$style
uz.gita.eventsapp.R$xml
uz.gita.eventsapp.R
uz.gita.eventsapp.app.App_ComponentTreeDeps
uz.gita.eventsapp.app.App_HiltComponents$ActivityC$Builder
uz.gita.eventsapp.app.App_HiltComponents$ActivityCBuilderModule
uz.gita.eventsapp.app.App_HiltComponents$ActivityRetainedC$Builder
uz.gita.eventsapp.app.App_HiltComponents$ActivityRetainedCBuilderModule
uz.gita.eventsapp.app.App_HiltComponents$FragmentC$Builder
uz.gita.eventsapp.app.App_HiltComponents$FragmentCBuilderModule
uz.gita.eventsapp.app.App_HiltComponents$ServiceC$Builder
uz.gita.eventsapp.app.App_HiltComponents$ServiceC
uz.gita.eventsapp.app.App_HiltComponents$ServiceCBuilderModule
uz.gita.eventsapp.app.App_HiltComponents$ViewC$Builder
uz.gita.eventsapp.app.App_HiltComponents$ViewC
uz.gita.eventsapp.app.App_HiltComponents$ViewCBuilderModule
uz.gita.eventsapp.app.App_HiltComponents$ViewModelC$Builder
uz.gita.eventsapp.app.App_HiltComponents$ViewModelCBuilderModule
uz.gita.eventsapp.app.App_HiltComponents$ViewWithFragmentC$Builder
uz.gita.eventsapp.app.App_HiltComponents$ViewWithFragmentC
uz.gita.eventsapp.app.App_HiltComponents$ViewWithFragmentCBuilderModule
uz.gita.eventsapp.app.App_HiltComponents
uz.gita.eventsapp.app.DaggerApp_HiltComponents_SingletonC$ActivityCImpl:
    public dagger.hilt.android.internal.builders.ViewModelComponentBuilder getViewModelComponentBuilder()
    public dagger.hilt.android.internal.builders.ViewComponentBuilder viewComponentBuilder()
uz.gita.eventsapp.app.DaggerApp_HiltComponents_SingletonC$Builder:
    public uz.gita.eventsapp.app.DaggerApp_HiltComponents_SingletonC$Builder eventDatabaseModule(uz.gita.eventsapp.di.EventDatabaseModule)
    public uz.gita.eventsapp.app.DaggerApp_HiltComponents_SingletonC$Builder hiltWrapper_FragmentGetContextFix_FragmentGetContextFixModule(dagger.hilt.android.flags.HiltWrapper_FragmentGetContextFix_FragmentGetContextFixModule)
uz.gita.eventsapp.app.DaggerApp_HiltComponents_SingletonC$FragmentCImpl:
    public dagger.hilt.android.internal.builders.ViewWithFragmentComponentBuilder viewWithFragmentComponentBuilder()
uz.gita.eventsapp.app.DaggerApp_HiltComponents_SingletonC$ServiceCBuilder
uz.gita.eventsapp.app.DaggerApp_HiltComponents_SingletonC$ServiceCImpl
uz.gita.eventsapp.app.DaggerApp_HiltComponents_SingletonC$ViewCBuilder
uz.gita.eventsapp.app.DaggerApp_HiltComponents_SingletonC$ViewCImpl
uz.gita.eventsapp.app.DaggerApp_HiltComponents_SingletonC$ViewWithFragmentCBuilder
uz.gita.eventsapp.app.DaggerApp_HiltComponents_SingletonC$ViewWithFragmentCImpl
uz.gita.eventsapp.app.DaggerApp_HiltComponents_SingletonC:
    public java.util.Set getDisableFragmentGetContextFix()
    public dagger.hilt.android.internal.builders.ServiceComponentBuilder serviceComponentBuilder()
uz.gita.eventsapp.app.Hilt_App:
    public synthetic bridge dagger.hilt.internal.GeneratedComponentManager componentManager()
uz.gita.eventsapp.data.local.database.EventDatabase_Impl:
    public void clearAllTables()
uz.gita.eventsapp.data.local.entity.EventEntity:
    public final int component1()
    public final int component2()
    public final java.lang.String component3()
    public final int component4()
    public final boolean component5()
    public final uz.gita.eventsapp.data.local.entity.EventEntity copy(int,int,java.lang.String,int,boolean)
    public static synthetic uz.gita.eventsapp.data.local.entity.EventEntity copy$default(uz.gita.eventsapp.data.local.entity.EventEntity,int,int,java.lang.String,int,boolean,int,java.lang.Object)
...
androidx.core.app.TaskStackBuilder:
    public final androidx.core.app.TaskStackBuilder addNextIntent(android.content.Intent)
    public final androidx.core.app.TaskStackBuilder addNextIntentWithParentStack(android.content.Intent)
    public final androidx.core.app.TaskStackBuilder addParentStack(android.app.Activity)
    public static androidx.core.app.TaskStackBuilder create(android.content.Context)
    public final void startActivities(android.os.Bundle)
androidx.core.content.ContextCompat:
    public static final java.lang.Object sSync
    public static android.util.TypedValue sTempValue
    public static int getColor(android.content.Context,int)
    public static android.graphics.drawable.Drawable getDrawable(android.content.Context,int)
androidx.core.content.LocusIdCompat
androidx.core.content.PermissionChecker
androidx.core.content.res.CamColor:
    public final float mM
    public final float mQ
    public final float mS
    public final float distance(androidx.core.content.res.CamColor)
    public final float getAStar()
    public final float getBStar()
    public final float getChroma()
    public final float getHue()
    public final float getJ()
    public final float getJStar()
    public final int viewedInSrgb()
androidx.core.content.res.CamUtils:
    public static float lerp(float,float,float)
androidx.core.content.res.ComplexColorCompat
androidx.core.content.res.FontResourcesParserCompat$FontFamilyFilesResourceEntry:
    public final androidx.core.content.res.FontResourcesParserCompat$FontFileResourceEntry[] getEntries()
androidx.core.content.res.FontResourcesParserCompat$FontFileResourceEntry:
    public final java.lang.String getFileName()
    public final int getResourceId()
    public final int getTtcIndex()
    public final java.lang.String getVariationSettings()
    public final int getWeight()
    public final boolean isItalic()
androidx.core.content.res.FontResourcesParserCompat$ProviderResourceEntry:
    public final int getFetchStrategy()
    public final androidx.core.provider.FontRequest getRequest()
    public final java.lang.String getSystemFontFamilyName()
    public final int getTimeout()
androidx.core.content.res.GradientColorInflaterCompat$ColorStops
androidx.core.content.res.GradientColorInflaterCompat
androidx.core.content.res.GrowingArrayUtils
androidx.core.content.res.ResourcesCompat$Api23Impl
androidx.core.content.res.ResourcesCompat$ThemeCompat
androidx.core.content.res.ResourcesCompat:
    public static android.graphics.drawable.Drawable getDrawable(android.content.res.Resources,int,android.content.res.Resources$Theme)
    public static android.graphics.drawable.Drawable getDrawableForDensity(android.content.res.Resources,int,int,android.content.res.Resources$Theme)
androidx.core.content.res.TypedArrayUtils
androidx.core.content.res.ViewingConditions:
    public final float getAw()
    public final float getC()
    public final float getFl()
    public final float getFlRoot()
    public final float getN()
    public final float getNbb()
    public final float getNc()
    public final float getNcb()
    public final float[] getRgbD()
    public final float getZ()
androidx.core.graphics.PaintCompat:
    public static final java.lang.ThreadLocal sRectThreadLocal
    public static androidx.core.util.Pair obtainEmptyRects()
androidx.core.graphics.PathParser$ExtractFloatResult
androidx.core.graphics.PathParser$PathDataNode:
    public void <init>(androidx.core.graphics.PathParser$PathDataNode)
    public final void interpolatePathDataNode(androidx.core.graphics.PathParser$PathDataNode,androidx.core.graphics.PathParser$PathDataNode,float)